  ai_player.cpp
  ball.cpp
  end_scene.cpp
  game.cpp
D:\Project\Project_final\SFML\SMFL\match_scene.h(1,1): warning C4819: 该文件包含不能在当前代码页(936)中表示的字符。请将该文件保存为 Unicode 格式以防止数据丢失
  (编译源文件“game.cpp”)
  
  match_scene.cpp
D:\Project\Project_final\SFML\SMFL\match_scene.cpp(1,1): warning C4819: 该文件包含不能在当前代码页(936)中表示的字符。请将该文件保存为 Unicode 格式以防止数据丢失
D:\Project\Project_final\SFML\SMFL\match_scene.h(1,1): warning C4819: 该文件包含不能在当前代码页(936)中表示的字符。请将该文件保存为 Unicode 格式以防止数据丢失
  (编译源文件“match_scene.cpp”)
  
D:\Project\Project_final\SFML\SMFL\match_scene.cpp(281,11): warning C4101: “KickStrength”: 未引用的局部变量
  menu_scene.cpp
  pause_overlay.cpp
  physics.cpp
D:\Project\Project_final\SFML\SMFL\physics.cpp(1,1): warning C4819: 该文件包含不能在当前代码页(936)中表示的字符。请将该文件保存为 Unicode 格式以防止数据丢失
  player.cpp
  select_scene.cpp
  正在生成代码
  2 of 809 functions ( 0.2%) were compiled, the rest were copied from previous compilation.
    0 functions were new in current compilation
    2 functions had inline decision re-evaluated but remain unchanged
  已完成代码的生成
  SMFL.vcxproj -> D:\Project\Project_final\SFML\x64\Release\SMFL.exe
