  game.cpp
C:\Users\Administrator\source\repos\SoccerFinal\SMFL\constants.h(1,1): warning C4819: 该文件包含不能在当前代码页(936)中表示的字符。请将该文件保存为 Unicode 格式以防止数据丢失
  (编译源文件“game.cpp”)
  
C:\Users\Administrator\source\repos\SoccerFinal\SMFL\player.h(1,1): warning C4819: 该文件包含不能在当前代码页(936)中表示的字符。请将该文件保存为 Unicode 格式以防止数据丢失
  (编译源文件“game.cpp”)
  
C:\Users\Administrator\source\repos\SoccerFinal\SMFL\match_scene.h(1,1): warning C4819: 该文件包含不能在当前代码页(936)中表示的字符。请将该文件保存为 Unicode 格式以防止数据丢失
  (编译源文件“game.cpp”)
  
C:\Users\Administrator\source\repos\SoccerFinal\SMFL\AudioManager.h(1,1): warning C4819: 该文件包含不能在当前代码页(936)中表示的字符。请将该文件保存为 Unicode 格式以防止数据丢失
  (编译源文件“game.cpp”)
  
  kick_flash.cpp
  match_scene.cpp
C:\Users\Administrator\source\repos\SoccerFinal\SMFL\match_scene.cpp(1,1): warning C4819: 该文件包含不能在当前代码页(936)中表示的字符。请将该文件保存为 Unicode 格式以防止数据丢失
C:\Users\Administrator\source\repos\SoccerFinal\SMFL\match_scene.h(1,1): warning C4819: 该文件包含不能在当前代码页(936)中表示的字符。请将该文件保存为 Unicode 格式以防止数据丢失
  (编译源文件“match_scene.cpp”)
  
C:\Users\Administrator\source\repos\SoccerFinal\SMFL\player.h(1,1): warning C4819: 该文件包含不能在当前代码页(936)中表示的字符。请将该文件保存为 Unicode 格式以防止数据丢失
  (编译源文件“match_scene.cpp”)
  
C:\Users\Administrator\source\repos\SoccerFinal\SMFL\constants.h(1,1): warning C4819: 该文件包含不能在当前代码页(936)中表示的字符。请将该文件保存为 Unicode 格式以防止数据丢失
  (编译源文件“match_scene.cpp”)
  
C:\Users\Administrator\source\repos\SoccerFinal\SMFL\AudioManager.h(1,1): warning C4819: 该文件包含不能在当前代码页(936)中表示的字符。请将该文件保存为 Unicode 格式以防止数据丢失
  (编译源文件“match_scene.cpp”)
  
  正在生成代码...
  SMFL.vcxproj -> C:\Users\Administrator\source\repos\SoccerFinal\x64\Debug\SMFL.exe
